<?xml version="1.0" encoding="UTF-8"?>
<!-- Generated by org.testng.reporters.JUnitReportReporter -->
<testsuite skipped="0" hostname="DESKTOP-7746TSH" name="GroupExecution.Test2" tests="2" failures="0" timestamp="2023-07-04T12:13:04 IST" time="0.015" errors="0">
  <testcase name="demo1" time="0.000" classname="GroupExecution.Test2"/>
  <system-out/>
  <testcase name="demo2" time="0.015" classname="GroupExecution.Test2"/>
  <system-out/>
</testsuite> <!-- GroupExecution.Test2 -->
