<?xml version="1.0" encoding="UTF-8"?>
<!-- Generated by org.testng.reporters.JUnitReportReporter -->
<testsuite skipped="0" hostname="DESKTOP-7746TSH" name="Testng.InvocationCountPractice" tests="7" failures="0" timestamp="2023-06-07T12:49:02 IST" time="0.072" errors="0">
  <testcase name="test0" time="0.000" classname="Testng.InvocationCountPractice"/>
  <system-out/>
  <testcase name="test4" time="0.008" classname="Testng.InvocationCountPractice"/>
  <system-out/>
  <testcase name="test4" time="0.000" classname="Testng.InvocationCountPractice"/>
  <system-out/>
  <testcase name="test1" time="0.000" classname="Testng.InvocationCountPractice"/>
  <system-out/>
  <testcase name="test4" time="0.008" classname="Testng.InvocationCountPractice"/>
  <system-out/>
  <testcase name="test4" time="0.000" classname="Testng.InvocationCountPractice"/>
  <system-out/>
  <testcase name="test0" time="0.056" classname="Testng.InvocationCountPractice"/>
  <system-out/>
</testsuite> <!-- Testng.InvocationCountPractice -->
