<?xml version="1.0" encoding="UTF-8"?>
<!-- Generated by org.testng.reporters.JUnitReportReporter -->
<testsuite skipped="0" hostname="DESKTOP-7746TSH" name="DistributedParallelExecution.Test5" tests="3" failures="0" timestamp="2023-06-08T15:51:39 IST" time="0.015" errors="0">
  <testcase name="test2" time="0.000" classname="DistributedParallelExecution.Test5"/>
  <system-out/>
  <testcase name="test1" time="0.000" classname="DistributedParallelExecution.Test5"/>
  <system-out/>
  <testcase name="test3" time="0.015" classname="DistributedParallelExecution.Test5"/>
  <system-out/>
</testsuite> <!-- DistributedParallelExecution.Test5 -->
