<?xml version="1.0" encoding="UTF-8"?>
<!-- Generated by org.testng.reporters.JUnitReportReporter -->
<testsuite skipped="0" hostname="DESKTOP-7746TSH" name="Testng.PriorityPractice1" tests="5" failures="0" timestamp="2023-06-05T13:09:12 IST" time="0.055" errors="0">
  <testcase name="demo4" time="0.046" classname="Testng.PriorityPractice1"/>
  <system-out/>
  <testcase name="demo2" time="0.009" classname="Testng.PriorityPractice1"/>
  <system-out/>
  <testcase name="demo1" time="0.000" classname="Testng.PriorityPractice1"/>
  <system-out/>
  <testcase name="demo3" time="0.000" classname="Testng.PriorityPractice1"/>
  <system-out/>
  <testcase name="demo5" time="0.000" classname="Testng.PriorityPractice1"/>
  <system-out/>
</testsuite> <!-- Testng.PriorityPractice1 -->
