<?xml version="1.0" encoding="UTF-8"?>
<!-- Generated by org.testng.reporters.JUnitReportReporter -->
<testsuite skipped="0" hostname="DESKTOP-7746TSH" name="GroupExecution.Test1" tests="2" failures="0" timestamp="2023-07-04T12:13:04 IST" time="0.016" errors="0">
  <testcase name="demo1" time="0.016" classname="GroupExecution.Test1"/>
  <system-out/>
  <testcase name="demo2" time="0.000" classname="GroupExecution.Test1"/>
  <system-out/>
</testsuite> <!-- GroupExecution.Test1 -->
