<?xml version="1.0" encoding="UTF-8"?>
<!-- Generated by org.testng.reporters.JUnitReportReporter -->
<testsuite skipped="0" hostname="DESKTOP-7746TSH" name="DistributedParallelExecution.Test4" tests="3" failures="0" timestamp="2023-06-08T15:51:39 IST" time="0.028" errors="0">
  <testcase name="test3" time="0.000" classname="DistributedParallelExecution.Test4"/>
  <system-out/>
  <testcase name="test1" time="0.028" classname="DistributedParallelExecution.Test4"/>
  <system-out/>
  <testcase name="test2" time="0.000" classname="DistributedParallelExecution.Test4"/>
  <system-out/>
</testsuite> <!-- DistributedParallelExecution.Test4 -->
